INFO  12:05:17 Initiating AutomaticController Of The Policy Microservice......
INFO  12:05:17 DateTime : 11-02-2022 12:05:17
INFO  12:07:17 Initiating The Policy_List_By_Consumer_IdController for assigning policy to the property......This Is Part Of Policy Microservice
INFO  12:07:17 DateTime : 11-02-2022 12:07:17
INFO  12:07:17 Deleting The Aves Entity By Property_Id......
INFO  12:07:38 Initiating The Policy_List_By_Consumer_IdController for assigning policy to the property......This Is Part Of Policy Microservice
INFO  12:07:38 DateTime : 11-02-2022 12:07:38
INFO  12:07:38 Getting The List Of The Aves - Entity That Stores The Assigned Policies And Property Data......
INFO  12:07:40 Initiating PolicyController Of The Policy Microservice......
INFO  12:07:40 DateTime : 11-02-2022 12:07:40
INFO  12:07:40 Returning Policies
INFO  12:07:45 Initiating PolicyController Of The Policy Microservice......
INFO  12:07:45 DateTime : 11-02-2022 12:07:45
INFO  12:07:45 Returning Policies
INFO  12:08:14 Initiating PolicyController Of The Policy Microservice......
INFO  12:08:14 DateTime : 11-02-2022 12:08:14
INFO  12:08:15 Adding Policies
INFO  12:08:16 Initiating PolicyController Of The Policy Microservice......
INFO  12:08:16 DateTime : 11-02-2022 12:08:16
INFO  12:08:16 Returning Policies
INFO  12:08:21 Initiating PolicyController Of The Policy Microservice......
INFO  12:08:21 DateTime : 11-02-2022 12:08:21
INFO  12:08:21 Initiating The DeleteAvesByPolicyIdController for assigning policy to the property......This Is Part Of Policy Microservice
INFO  12:08:21 DateTime : 11-02-2022 12:08:21
INFO  12:08:21 Deleting The Aves - The Assigned Stuffs......
INFO  12:08:21 Deleting Policiy Having ID : 45
INFO  12:08:21 Initiating PolicyController Of The Policy Microservice......
INFO  12:08:21 DateTime : 11-02-2022 12:08:21
INFO  12:08:21 Returning Policies
INFO  12:08:49 Initiating PolicyController Of The Policy Microservice......
INFO  12:08:49 DateTime : 11-02-2022 12:08:49
INFO  12:08:49 Adding Policies
INFO  12:08:51 Initiating PolicyController Of The Policy Microservice......
INFO  12:08:51 DateTime : 11-02-2022 12:08:51
INFO  12:08:51 Returning Policies
INFO  12:08:56 Initiating The Policy_List_By_Consumer_IdController for assigning policy to the property......This Is Part Of Policy Microservice
INFO  12:08:56 DateTime : 11-02-2022 12:08:56
INFO  12:08:56 Getting The List Of The Aves - Entity That Stores The Assigned Policies And Property Data......
INFO  12:08:59 Initiating PolicyController Of The Policy Microservice......
INFO  12:08:59 DateTime : 11-02-2022 12:08:59
INFO  12:08:59 Returning Policies
INFO  12:09:09 Initiating The Policy_List_By_Consumer_IdController for assigning policy to the property......This Is Part Of Policy Microservice
INFO  12:09:09 DateTime : 11-02-2022 12:09:09
INFO  12:09:09 Getting The List Of The Aves - Entity That Stores The Assigned Policies And Property Data......
INFO  12:09:10 Initiating PolicyController Of The Policy Microservice......
INFO  12:09:10 DateTime : 11-02-2022 12:09:10
INFO  12:09:10 Returning Policies
INFO  12:09:33 Initiating AutomaticController Of The Policy Microservice......
INFO  12:09:33 DateTime : 11-02-2022 12:09:33
INFO  12:09:33 Issuing The Policy To The Consumer......
INFO  12:09:35 Initiating The Policy_List_By_Consumer_IdController for assigning policy to the property......This Is Part Of Policy Microservice
INFO  12:09:35 DateTime : 11-02-2022 12:09:35
INFO  12:09:35 Getting The List Of The Aves - Entity That Stores The Assigned Policies And Property Data......
INFO  12:09:43 Initiating The AvesController for assigning policy to the property......This Is Part Of Policy Microservice
INFO  12:09:43 DateTime : 11-02-2022 12:09:43
INFO  12:09:43 Deleting The Assigned Stuffs Called Aves......
INFO  12:09:43 Initiating The Policy_List_By_Consumer_IdController for assigning policy to the property......This Is Part Of Policy Microservice
INFO  12:09:43 DateTime : 11-02-2022 12:09:43
INFO  12:09:43 Getting The List Of The Aves - Entity That Stores The Assigned Policies And Property Data......
INFO  12:09:45 Initiating PolicyController Of The Policy Microservice......
INFO  12:09:45 DateTime : 11-02-2022 12:09:45
INFO  12:09:45 Returning Policies
INFO  12:09:58 Initiating AutomaticController Of The Policy Microservice......
INFO  12:09:58 DateTime : 11-02-2022 12:09:58
INFO  12:09:58 Issuing The Policy To The Consumer......
INFO  12:10:00 Initiating The Policy_List_By_Consumer_IdController for assigning policy to the property......This Is Part Of Policy Microservice
INFO  12:10:00 DateTime : 11-02-2022 12:10:00
INFO  12:10:00 Getting The List Of The Aves - Entity That Stores The Assigned Policies And Property Data......
INFO  12:10:10 Initiating The Policy_List_By_Consumer_IdController for assigning policy to the property......This Is Part Of Policy Microservice
INFO  12:10:10 DateTime : 11-02-2022 12:10:10
INFO  12:10:10 Deleting The Aves Entity By Property_Id......
INFO  12:10:11 Initiating PolicyController Of The Policy Microservice......
INFO  12:10:11 DateTime : 11-02-2022 12:10:11
INFO  12:10:11 Returning Policies
INFO  12:10:14 Initiating PolicyController Of The Policy Microservice......
INFO  12:10:14 Initiating The DeleteAvesByPolicyIdController for assigning policy to the property......This Is Part Of Policy Microservice
INFO  12:10:14 DateTime : 11-02-2022 12:10:14
INFO  12:10:14 DateTime : 11-02-2022 12:10:14
INFO  12:10:14 Deleting The Aves - The Assigned Stuffs......
INFO  12:10:14 Deleting Policiy Having ID : 46
INFO  12:10:14 Initiating PolicyController Of The Policy Microservice......
INFO  12:10:14 DateTime : 11-02-2022 12:10:14
INFO  12:10:14 Returning Policies
INFO  12:10:18 Initiating AutomaticController Of The Policy Microservice......
INFO  12:10:18 DateTime : 11-02-2022 12:10:18
INFO  12:10:18 Deleting Policies By The Consumer ID......
INFO  12:11:35 Initiating PolicyController Of The Policy Microservice......
INFO  12:11:35 DateTime : 11-02-2022 12:11:35
INFO  12:11:35 Returning Policies
INFO  12:19:26 Initiating PolicyController Of The Policy Microservice......
INFO  12:19:26 DateTime : 11-02-2022 12:19:26
INFO  12:19:26 Returning Policies
INFO  12:51:59 Initiating PolicyController Of The Policy Microservice......
INFO  12:51:59 DateTime : 11-02-2022 12:51:59
INFO  12:51:59 Returning Policies
